This is pdfTeX, Version 3.1415926-2.5-1.40.14 (MiKTeX 2.9) (preloaded format=pdflatex 2014.6.30)  26 AUG 2014 17:39
entering extended mode
**VETBReport.tex
(\\cern.ch\dfs\Users\t\tpakulsk\Desktop\VETBgit\VETBreport\VETBReport.tex
LaTeX2e <2011/06/27>
Babel <v3.8m> and hyphenation patterns for english, afrikaans, ancientgreek, ar
abic, armenian, assamese, basque, bengali, bokmal, bulgarian, catalan, coptic, 
croatian, czech, danish, dutch, esperanto, estonian, farsi, finnish, french, ga
lician, german, german-x-2013-05-26, greek, gujarati, hindi, hungarian, iceland
ic, indonesian, interlingua, irish, italian, kannada, kurmanji, latin, latvian,
 lithuanian, malayalam, marathi, mongolian, mongolianlmc, monogreek, ngerman, n
german-x-2013-05-26, nynorsk, oriya, panjabi, pinyin, polish, portuguese, roman
ian, russian, sanskrit, serbian, slovak, slovenian, spanish, swedish, swissgerm
an, tamil, telugu, turkish, turkmen, ukenglish, ukrainian, uppersorbian, usengl
ishmax, welsh, loaded.
("C:\Program Files (x86)\LaTeX\tex\latex\base\report.cls"
Document Class: report 2007/10/19 v1.4h Standard LaTeX document class
("C:\Program Files (x86)\LaTeX\tex\latex\base\size10.clo"
File: size10.clo 2007/10/19 v1.4h Standard LaTeX file (size option)
)
\c@part=\count79
\c@chapter=\count80
\c@section=\count81
\c@subsection=\count82
\c@subsubsection=\count83
\c@paragraph=\count84
\c@subparagraph=\count85
\c@figure=\count86
\c@table=\count87
\abovecaptionskip=\skip41
\belowcaptionskip=\skip42
\bibindent=\dimen102
)
("C:\Program Files (x86)\LaTeX\tex\latex\graphics\graphicx.sty"
Package: graphicx 1999/02/16 v1.0f Enhanced LaTeX Graphics (DPC,SPQR)

("C:\Program Files (x86)\LaTeX\tex\latex\graphics\keyval.sty"
Package: keyval 1999/03/16 v1.13 key=value parser (DPC)
\KV@toks@=\toks14
)
("C:\Program Files (x86)\LaTeX\tex\latex\graphics\graphics.sty"
Package: graphics 2009/02/05 v1.0o Standard LaTeX Graphics (DPC,SPQR)

("C:\Program Files (x86)\LaTeX\tex\latex\graphics\trig.sty"
Package: trig 1999/03/16 v1.09 sin cos tan (DPC)
)
("C:\Program Files (x86)\LaTeX\tex\latex\00miktex\graphics.cfg"
File: graphics.cfg 2007/01/18 v1.5 graphics configuration of teTeX/TeXLive
)
Package graphics Info: Driver file: pdftex.def on input line 91.

("C:\Program Files (x86)\LaTeX\tex\latex\pdftex-def\pdftex.def"
File: pdftex.def 2011/05/27 v0.06d Graphics/color for pdfTeX

("C:\Program Files (x86)\LaTeX\tex\generic\oberdiek\infwarerr.sty"
Package: infwarerr 2010/04/08 v1.3 Providing info/warning/error messages (HO)
)
("C:\Program Files (x86)\LaTeX\tex\generic\oberdiek\ltxcmds.sty"
Package: ltxcmds 2011/11/09 v1.22 LaTeX kernel commands for general use (HO)
)
\Gread@gobject=\count88
))
\Gin@req@height=\dimen103
\Gin@req@width=\dimen104
)
("C:\Program Files (x86)\LaTeX\tex\latex\amsmath\amsmath.sty"
Package: amsmath 2013/01/14 v2.14 AMS math features
\@mathmargin=\skip43

For additional information on amsmath, use the `?' option.
("C:\Program Files (x86)\LaTeX\tex\latex\amsmath\amstext.sty"
Package: amstext 2000/06/29 v2.01

("C:\Program Files (x86)\LaTeX\tex\latex\amsmath\amsgen.sty"
File: amsgen.sty 1999/11/30 v2.0
\@emptytoks=\toks15
\ex@=\dimen105
))
("C:\Program Files (x86)\LaTeX\tex\latex\amsmath\amsbsy.sty"
Package: amsbsy 1999/11/29 v1.2d
\pmbraise@=\dimen106
)
("C:\Program Files (x86)\LaTeX\tex\latex\amsmath\amsopn.sty"
Package: amsopn 1999/12/14 v2.01 operator names
)
\inf@bad=\count89
LaTeX Info: Redefining \frac on input line 210.
\uproot@=\count90
\leftroot@=\count91
LaTeX Info: Redefining \overline on input line 306.
\classnum@=\count92
\DOTSCASE@=\count93
LaTeX Info: Redefining \ldots on input line 378.
LaTeX Info: Redefining \dots on input line 381.
LaTeX Info: Redefining \cdots on input line 466.
\Mathstrutbox@=\box26
\strutbox@=\box27
\big@size=\dimen107
LaTeX Font Info:    Redeclaring font encoding OML on input line 566.
LaTeX Font Info:    Redeclaring font encoding OMS on input line 567.
\macc@depth=\count94
\c@MaxMatrixCols=\count95
\dotsspace@=\muskip10
\c@parentequation=\count96
\dspbrk@lvl=\count97
\tag@help=\toks16
\row@=\count98
\column@=\count99
\maxfields@=\count100
\andhelp@=\toks17
\eqnshift@=\dimen108
\alignsep@=\dimen109
\tagshift@=\dimen110
\tagwidth@=\dimen111
\totwidth@=\dimen112
\lineht@=\dimen113
\@envbody=\toks18
\multlinegap=\skip44
\multlinetaggap=\skip45
\mathdisplay@stack=\toks19
LaTeX Info: Redefining \[ on input line 2665.
LaTeX Info: Redefining \] on input line 2666.
)
(\\cern.ch\dfs\Users\t\tpakulsk\Desktop\VETBgit\VETBreport\VETBReport.aux)
LaTeX Font Info:    Checking defaults for OML/cmm/m/it on input line 10.
LaTeX Font Info:    ... okay on input line 10.
LaTeX Font Info:    Checking defaults for T1/cmr/m/n on input line 10.
LaTeX Font Info:    ... okay on input line 10.
LaTeX Font Info:    Checking defaults for OT1/cmr/m/n on input line 10.
LaTeX Font Info:    ... okay on input line 10.
LaTeX Font Info:    Checking defaults for OMS/cmsy/m/n on input line 10.
LaTeX Font Info:    ... okay on input line 10.
LaTeX Font Info:    Checking defaults for OMX/cmex/m/n on input line 10.
LaTeX Font Info:    ... okay on input line 10.
LaTeX Font Info:    Checking defaults for U/cmr/m/n on input line 10.
LaTeX Font Info:    ... okay on input line 10.

("C:\Program Files (x86)\LaTeX\tex\context\base\supp-pdf.mkii"
[Loading MPS to PDF converter (version 2006.09.02).]
\scratchcounter=\count101
\scratchdimen=\dimen114
\scratchbox=\box28
\nofMPsegments=\count102
\nofMParguments=\count103
\everyMPshowfont=\toks20
\MPscratchCnt=\count104
\MPscratchDim=\dimen115
\MPnumerator=\count105
\makeMPintoPDFobject=\count106
\everyMPtoPDFconversion=\toks21
) [1

{C:/Users/tpakulsk/AppData/Local/MiKTeX/2.9/pdftex/config/pdftex.map}]
(\\cern.ch\dfs\Users\t\tpakulsk\Desktop\VETBgit\VETBreport\VETBReport.toc)
\tf@toc=\write3
LaTeX Font Info:    Try loading font information for OMS+cmr on input line 19.

("C:\Program Files (x86)\LaTeX\tex\latex\base\omscmr.fd"
File: omscmr.fd 1999/05/25 v2.5h Standard LaTeX font definitions
)
LaTeX Font Info:    Font shape `OMS/cmr/m/n' in size <10> not available
(Font)              Font shape `OMS/cmsy/m/n' tried instead on input line 19.

Overfull \hbox (13.8896pt too wide) in paragraph at lines 20--21
[]\OT1/cmr/m/n/10 Patrick Car-rier (for in-stru-men-ta-tion): +41764870415, Pat
rick.Carrie@cern.ch 
 []

[1

] <./images/schematic.jpg, id=14, 725.71124pt x 341.77687pt>
File: ./images/schematic.jpg Graphic file (type jpg)

<use ./images/schematic.jpg>
Package pdftex.def Info: ./images/schematic.jpg used on input line 48.
(pdftex.def)             Requested size: 345.0pt x 162.4813pt.

Underfull \hbox (badness 10000) in paragraph at lines 45--53

 []


LaTeX Warning: `h' float specifier changed to `ht'.

[2] [3 <//cern.ch/dfs/Users/t/tpakulsk/Desktop/VETBgit/VETBreport/images/schema
tic.jpg>] <./images/wide.jpg, id=26, 3276.24pt x 1842.885pt>
File: ./images/wide.jpg Graphic file (type jpg)

<use ./images/wide.jpg>
Package pdftex.def Info: ./images/wide.jpg used on input line 100.
(pdftex.def)             Requested size: 345.0pt x 194.05698pt.


LaTeX Warning: `h' float specifier changed to `ht'.

[4] <./images/valves.jpg, id=32, 3276.24pt x 1842.885pt>
File: ./images/valves.jpg Graphic file (type jpg)

<use ./images/valves.jpg>
Package pdftex.def Info: ./images/valves.jpg used on input line 110.
(pdftex.def)             Requested size: 345.0pt x 194.05698pt.


LaTeX Warning: `h' float specifier changed to `ht'.


Underfull \hbox (badness 10000) in paragraph at lines 115--116

 []

<./images/labVIEW.jpg, id=33, 3276.24pt x 1842.885pt>
File: ./images/labVIEW.jpg Graphic file (type jpg)

<use ./images/labVIEW.jpg>
Package pdftex.def Info: ./images/labVIEW.jpg used on input line 119.
(pdftex.def)             Requested size: 345.0pt x 194.05698pt.


LaTeX Warning: `h' float specifier changed to `ht'.

[5 <//cern.ch/dfs/Users/t/tpakulsk/Desktop/VETBgit/VETBreport/images/wide.jpg>]

Overfull \hbox (67.85945pt too wide) in paragraph at lines 125--126
\OT1/cmr/m/n/10 All his-tor-i-cal data is avail-able on the PC linked to the te
st rig at \OT1/cmr/m/it/10 C:/Project/PressureTest/Data/\OT1/cmr/m/n/10 .
 []


Overfull \hbox (16.56989pt too wide) in paragraph at lines 125--126
\OT1/cmr/m/it/10 G:/Departments/PH/Groups/DT/PO/Cooling ac-tiv-i-ties/students/
tpakulsk/VETB\OT1/cmr/m/n/10 .
 []


Underfull \hbox (badness 10000) in paragraph at lines 125--126

 []

<./images/namingConvention.jpg, id=37, 417.05812pt x 120.45pt>
File: ./images/namingConvention.jpg Graphic file (type jpg)

<use ./images/namingConvention.jpg>
Package pdftex.def Info: ./images/namingConvention.jpg used on input line 130.
(pdftex.def)             Requested size: 142.26378pt x 41.08661pt.


LaTeX Warning: `h' float specifier changed to `ht'.

[6 <//cern.ch/dfs/Users/t/tpakulsk/Desktop/VETBgit/VETBreport/images/valves.jpg
>]
Underfull \hbox (badness 10000) in paragraph at lines 145--145
[]\OT1/cmr/m/n/10 Maximum
 []


Underfull \hbox (badness 4416) in paragraph at lines 146--146
[]\OT1/cmr/m/n/10 Calibration P:
 []


Underfull \hbox (badness 3547) in paragraph at lines 147--147
[]\OT1/cmr/m/n/10 Calibration T:
 []


Underfull \hbox (badness 10000) in paragraph at lines 148--148
[]\OT1/cmr/m/n/10 Calibration
 []

[7 <//cern.ch/dfs/Users/t/tpakulsk/Desktop/VETBgit/VETBreport/images/labVIEW.jp
g> <//cern.ch/dfs/Users/t/tpakulsk/Desktop/VETBgit/VETBreport/images/namingConv
ention.jpg>]
Underfull \hbox (badness 10000) in paragraph at lines 153--156

 []


Underfull \hbox (badness 10000) in paragraph at lines 158--161

 []

<./images/both.png, id=45, 422.32782pt x 315.42844pt>
File: ./images/both.png Graphic file (type png)
 <use ./images/both.png>
Package pdftex.def Info: ./images/both.png used on input line 168.
(pdftex.def)             Requested size: 345.0pt x 257.68074pt.

Underfull \hbox (badness 10000) in paragraph at lines 163--172

 []

[8]
Underfull \hbox (badness 10000) in paragraph at lines 173--176

 []


Underfull \hbox (badness 10000) in paragraph at lines 173--176

 []


Underfull \hbox (badness 10000) in paragraph at lines 173--176

 []

[9 <//cern.ch/dfs/Users/t/tpakulsk/Desktop/VETBgit/VETBreport/images/both.png>]
<./images/B00552P.png, id=54, 422.32782pt x 315.42844pt>
File: ./images/B00552P.png Graphic file (type png)

<use ./images/B00552P.png>
Package pdftex.def Info: ./images/B00552P.png used on input line 185.
(pdftex.def)             Requested size: 345.0pt x 257.68074pt.


LaTeX Warning: `h' float specifier changed to `ht'.

[10]
Underfull \hbox (badness 10000) in paragraph at lines 194--196

 []

[11 <//cern.ch/dfs/Users/t/tpakulsk/Desktop/VETBgit/VETBreport/images/B00552P.p
ng (PNG copy)>]

LaTeX Warning: Reference `fullScale' on page 12 undefined on input line 222.

[12] <./images/schematicWithValve.jpg, id=65, 725.71124pt x 341.77687pt>
File: ./images/schematicWithValve.jpg Graphic file (type jpg)

<use ./images/schematicWithValve.jpg>
Package pdftex.def Info: ./images/schematicWithValve.jpg used on input line 234
.
(pdftex.def)             Requested size: 345.0pt x 162.4813pt.


LaTeX Warning: `h' float specifier changed to `ht'.

[13] [14 <//cern.ch/dfs/Users/t/tpakulsk/Desktop/VETBgit/VETBreport/images/sche
maticWithValve.jpg>]
Underfull \hbox (badness 10000) in paragraph at lines 242--243
[]\OT1/cmr/m/n/10 Bronkhorst High-Tech \OT1/cmr/m/it/10 EL-FLOW Dig-i-tal Ther-

 []


Underfull \hbox (badness 10000) in paragraph at lines 242--243
\OT1/cmr/m/it/10 mal Mass Flow Me-ters and Con-trollers for Gases
 []

[15

] (\\cern.ch\dfs\Users\t\tpakulsk\Desktop\VETBgit\VETBreport\VETBReport.aux)

LaTeX Warning: There were undefined references.


LaTeX Warning: Label(s) may have changed. Rerun to get cross-references right.

 ) 
Here is how much of TeX's memory you used:
 1841 strings out of 493921
 23712 string characters out of 3146872
 82931 words of memory out of 3000000
 5140 multiletter control sequences out of 15000+200000
 10673 words of font info for 38 fonts, out of 3000000 for 9000
 841 hyphenation exceptions out of 8191
 27i,12n,23p,766b,226s stack positions out of 5000i,500n,10000p,200000b,50000s
<C:/Program Files (x86)/LaTeX/fonts/type1/public/amsfonts/cm/cmbx10.pfb><C:/P
rogram Files (x86)/LaTeX/fonts/type1/public/amsfonts/cm/cmbx12.pfb><C:/Program 
Files (x86)/LaTeX/fonts/type1/public/amsfonts/cm/cmmi10.pfb><C:/Program Files (
x86)/LaTeX/fonts/type1/public/amsfonts/cm/cmmi5.pfb><C:/Program Files (x86)/LaT
eX/fonts/type1/public/amsfonts/cm/cmmi7.pfb><C:/Program Files (x86)/LaTeX/fonts
/type1/public/amsfonts/cm/cmr10.pfb><C:/Program Files (x86)/LaTeX/fonts/type1/p
ublic/amsfonts/cm/cmr12.pfb><C:/Program Files (x86)/LaTeX/fonts/type1/public/am
sfonts/cm/cmr17.pfb><C:/Program Files (x86)/LaTeX/fonts/type1/public/amsfonts/c
m/cmr5.pfb><C:/Program Files (x86)/LaTeX/fonts/type1/public/amsfonts/cm/cmr7.pf
b><C:/Program Files (x86)/LaTeX/fonts/type1/public/amsfonts/cm/cmsy10.pfb><C:/P
rogram Files (x86)/LaTeX/fonts/type1/public/amsfonts/cm/cmsy7.pfb><C:/Program F
iles (x86)/LaTeX/fonts/type1/public/amsfonts/cm/cmti10.pfb>
Output written on VETBReport.pdf (16 pages, 5720312 bytes).
PDF statistics:
 116 PDF objects out of 1000 (max. 8388607)
 0 named destinations out of 1000 (max. 500000)
 41 words of extra memory for PDF output out of 10000 (max. 10000000)

